[debug] [2021-09-18T21:37:38.484Z] ----------------------------------------------------------------------
[debug] [2021-09-18T21:37:38.485Z] Command:       /opt/nodejs/14.17.6/bin/node /home/codespace/.npm-global/bin/firebase init
[debug] [2021-09-18T21:37:38.486Z] CLI Version:   9.18.0
[debug] [2021-09-18T21:37:38.486Z] Platform:      linux
[debug] [2021-09-18T21:37:38.486Z] Node Version:  v14.17.6
[debug] [2021-09-18T21:37:38.486Z] Time:          Sat Sep 18 2021 21:37:38 GMT+0000 (Coordinated Universal Time)
[debug] [2021-09-18T21:37:38.486Z] ----------------------------------------------------------------------
[debug] 
[debug] [2021-09-18T21:37:38.490Z] > command requires scopes: ["email","openid","https://www.googleapis.com/auth/cloudplatformprojects.readonly","https://www.googleapis.com/auth/firebase","https://www.googleapis.com/auth/cloud-platform"]
[debug] [2021-09-18T21:37:38.491Z] > authorizing via signed-in user (kevintowe27@gmail.com)
[info] 
     ######## #### ########  ######## ########     ###     ######  ########
     ##        ##  ##     ## ##       ##     ##  ##   ##  ##       ##
     ######    ##  ########  ######   ########  #########  ######  ######
     ##        ##  ##    ##  ##       ##     ## ##     ##       ## ##
     ##       #### ##     ## ######## ########  ##     ##  ######  ########

You're about to initialize a Firebase project in this directory:

  /workspaces/baby-bot

Before we get started, keep in mind:

  * You are currently outside your home directory

[info] 
=== Project Setup
[info] 
[info] First, let's associate this project directory with a Firebase project.
[info] You can create multiple project aliases by running firebase use --add, 
[info] but for now we'll just set up a default project.
[info] 
[debug] [2021-09-18T21:38:14.967Z] >>> [apiv2][query] GET https://firebase.googleapis.com/v1beta1/projects pageSize=100
[debug] [2021-09-18T21:38:15.297Z] <<< [apiv2][status] GET https://firebase.googleapis.com/v1beta1/projects 200
[debug] [2021-09-18T21:38:15.297Z] <<< [apiv2][body] GET https://firebase.googleapis.com/v1beta1/projects [omitted]
[info] i  Using project baby-bot-d8ef9 (Baby Bot) 
[info] 
=== Hosting Setup
[info] 
[info] Your public directory is the folder (relative to your project directory) that
[info] will contain Hosting assets to be uploaded with firebase deploy. If you
[info] have a build process for your assets, use your build's output directory.
[info] 
